#
# There is insufficient memory for the Java Runtime Environment to continue.
# Native memory allocation (malloc) failed to allocate 1152176 bytes for Chunk::new
# Possible reasons:
#   The system is out of physical RAM or swap space
#   In 32 bit mode, the process size limit was hit
# Possible solutions:
#   Reduce memory load on the system
#   Increase physical memory or swap space
#   Check if swap backing store is full
#   Use 64 bit Java on a 64 bit OS
#   Decrease Java heap size (-Xmx/-Xms)
#   Decrease number of Java threads
#   Decrease Java thread stack sizes (-Xss)
#   Set larger code cache with -XX:ReservedCodeCacheSize=
# This output file may be truncated or incomplete.
#
#  Out of Memory Error (allocation.cpp:390), pid=9532, tid=0x0000000000000e80
#
# JRE version: OpenJDK Runtime Environment (8.0_152-b01) (build 1.8.0_152-release-1343-b01)
# Java VM: OpenJDK 64-Bit Server VM (25.152-b01 mixed mode windows-amd64 compressed oops)
# Failed to write core dump. Minidumps are not enabled by default on client versions of Windows
#

---------------  T H R E A D  ---------------

Current thread (0x000000001605d800):  JavaThread "C2 CompilerThread1" daemon [_thread_in_native, id=3712, stack(0x00000000177b0000,0x00000000178b0000)]

Stack: [0x00000000177b0000,0x00000000178b0000]
[error occurred during error reporting (printing stack bounds), id 0xc0000005]

Native frames: (J=compiled Java code, j=interpreted, Vv=VM code, C=native code)


Current CompileTask:
C2:  22279 3530       4       org.objectweb.asm.SymbolTable::addConstantMemberReference (147 bytes)


---------------  P R O C E S S  ---------------

Java Threads: ( => current thread )
  0x000000001c6bd000 JavaThread "Cache worker for Build Output Cleanup Cache (C:\Users\l2040\Desktop\Portfolio\.gradle\buildOutputCleanup)" [_thread_blocked, id=10472, stack(0x0000000020890000,0x0000000020990000)]
  0x000000001c6c1000 JavaThread "Build operations Thread 4" [_thread_blocked, id=17908, stack(0x0000000020590000,0x0000000020690000)]
  0x000000001c6bb800 JavaThread "Build operations Thread 3" [_thread_blocked, id=1372, stack(0x0000000020490000,0x0000000020590000)]
  0x000000001c6c0000 JavaThread "Build operations Thread 2" [_thread_blocked, id=18004, stack(0x0000000020390000,0x0000000020490000)]
  0x000000001c6be000 JavaThread "Build operations" [_thread_blocked, id=588, stack(0x0000000020290000,0x0000000020390000)]
  0x0000000017b21000 JavaThread "Cache worker for execution history cache (C:\Users\l2040\.gradle\caches\5.1.1\executionHistory)" [_thread_blocked, id=1560, stack(0x000000001fd90000,0x000000001fe90000)]
  0x0000000017b1f000 JavaThread "Cache worker for cache directory md-rule (C:\Users\l2040\.gradle\caches\5.1.1\md-rule)" [_thread_blocked, id=1368, stack(0x000000001e710000,0x000000001e810000)]
  0x0000000017b22000 JavaThread "Cache worker for cache directory md-supplier (C:\Users\l2040\.gradle\caches\5.1.1\md-supplier)" [_thread_blocked, id=11004, stack(0x000000001e470000,0x000000001e570000)]
  0x0000000017b1f800 JavaThread "Cache worker for file hash cache (C:\Users\l2040\Desktop\Portfolio\.gradle\5.1.1\fileHashes)" [_thread_blocked, id=10712, stack(0x000000001dd70000,0x000000001de70000)]
  0x0000000017b20800 JavaThread "Cache worker for journal cache (C:\Users\l2040\.gradle\caches\journal-1)" [_thread_blocked, id=15140, stack(0x000000001ab00000,0x000000001ac00000)]
  0x0000000017b24000 JavaThread "File lock request listener" [_thread_in_native, id=17060, stack(0x000000001aa00000,0x000000001ab00000)]
  0x0000000018fe2800 JavaThread "Cache worker for file hash cache (C:\Users\l2040\.gradle\caches\5.1.1\fileHashes)" [_thread_blocked, id=1916, stack(0x000000001a900000,0x000000001aa00000)]
  0x0000000017b11000 JavaThread "Thread-8" [_thread_blocked, id=15760, stack(0x000000001a800000,0x000000001a900000)]
  0x0000000017b10800 JavaThread "Stdin handler" [_thread_blocked, id=10236, stack(0x000000001a700000,0x000000001a800000)]
  0x0000000017b0f800 JavaThread "Asynchronous log dispatcher for DefaultDaemonConnection: socket connection from /127.0.0.1:57573 to /127.0.0.1:57574" [_thread_blocked, id=17176, stack(0x000000001a600000,0x000000001a700000)]
  0x00000000190e4000 JavaThread "Daemon worker" [_thread_in_vm, id=17336, stack(0x000000001a500000,0x000000001a600000)]
  0x0000000018e77800 JavaThread "Cancel handler" [_thread_blocked, id=8112, stack(0x000000001a400000,0x000000001a500000)]
  0x0000000017bf8800 JavaThread "Handler for socket connection from /127.0.0.1:57573 to /127.0.0.1:57574" [_thread_in_native, id=15076, stack(0x000000001a100000,0x000000001a200000)]
  0x0000000017bf5000 JavaThread "Daemon" [_thread_blocked, id=11748, stack(0x000000001a000000,0x000000001a100000)]
  0x0000000018499000 JavaThread "Daemon periodic checks" [_thread_blocked, id=14164, stack(0x0000000019f00000,0x000000001a000000)]
  0x0000000018497800 JavaThread "Incoming local TCP Connector on port 57573" [_thread_in_native, id=18448, stack(0x0000000019cc0000,0x0000000019dc0000)]
  0x00000000160bd800 JavaThread "Service Thread" daemon [_thread_blocked, id=16080, stack(0x0000000017db0000,0x0000000017eb0000)]
  0x0000000016064000 JavaThread "C1 CompilerThread2" daemon [_thread_blocked, id=14476, stack(0x00000000178b0000,0x00000000179b0000)]
=>0x000000001605d800 JavaThread "C2 CompilerThread1" daemon [_thread_in_native, id=3712, stack(0x00000000177b0000,0x00000000178b0000)]
  0x0000000016059800 JavaThread "C2 CompilerThread0" daemon [_thread_in_native, id=19040, stack(0x00000000176b0000,0x00000000177b0000)]
  0x0000000016067800 JavaThread "Attach Listener" daemon [_thread_blocked, id=11840, stack(0x00000000175b0000,0x00000000176b0000)]
  0x0000000016066000 JavaThread "Signal Dispatcher" daemon [_thread_blocked, id=18996, stack(0x00000000174b0000,0x00000000175b0000)]
  0x00000000026ec800 JavaThread "Finalizer" daemon [_thread_blocked, id=19216, stack(0x00000000172b0000,0x00000000173b0000)]
  0x00000000026e0800 JavaThread "Reference Handler" daemon [_thread_blocked, id=5824, stack(0x00000000171b0000,0x00000000172b0000)]
  0x00000000025ee000 JavaThread "main" [_thread_blocked, id=18124, stack(0x0000000002410000,0x0000000002510000)]

Other Threads:
  0x0000000016026000 VMThread [stack: 0x00000000170b0000,0x00000000171b0000] [id=15976]
  0x00000000160be800 WatcherThread [stack: 0x0000000017eb0000,0x0000000017fb0000] [id=11620]

VM state:not at safepoint (normal execution)

VM Mutex/Monitor currently owned by a thread: None

Heap:
 PSYoungGen      total 104960K, used 64220K [0x00000000e0000000, 0x00000000e7480000, 0x0000000100000000)
  eden space 92160K, 69% used [0x00000000e0000000,0x00000000e3eb73b0,0x00000000e5a00000)
  from space 12800K, 0% used [0x00000000e6700000,0x00000000e6700000,0x00000000e7380000)
  to   space 13312K, 0% used [0x00000000e5a00000,0x00000000e5a00000,0x00000000e6700000)
 ParOldGen       total 202752K, used 17430K [0x00000000a0000000, 0x00000000ac600000, 0x00000000e0000000)
  object space 202752K, 8% used [0x00000000a0000000,0x00000000a1105a98,0x00000000ac600000)
 Metaspace       used 42165K, capacity 43060K, committed 43432K, reserved 1087488K
  class space    used 5732K, capacity 6003K, committed 6056K, reserved 1048576K

Card table byte_map: [0x0000000011ab0000,0x0000000011dc0000] byte_map_base: 0x00000000115b0000

Marking Bits: (ParMarkBitMap*) 0x000000005d275aa0
 Begin Bits: [0x00000000123c0000, 0x0000000013bc0000)
 End Bits:   [0x0000000013bc0000, 0x00000000153c0000)

Polling page: 0x0000000000c10000

CodeCache: size=245760Kb used=11757Kb max_used=11757Kb free=234002Kb
 bounds [0x00000000026f0000, 0x0000000003280000, 0x00000000116f0000]
 total_blobs=4090 nmethods=3355 adapters=648
 compilation: enabled

Compilation events (10 events):
Event: 22.271 Thread 0x0000000016064000 3580       3       org.gradle.internal.reflect.ReflectionCache$WeaklyClassReferencingCache::get (96 bytes)
Event: 22.273 Thread 0x0000000016064000 nmethod 3580 0x000000000326e650 code [0x000000000326e900, 0x000000000326fc68]
Event: 22.273 Thread 0x0000000016064000 3582       3       sun.reflect.AccessorGenerator::add (5 bytes)
Event: 22.274 Thread 0x0000000016064000 nmethod 3582 0x0000000003273610 code [0x0000000003273760, 0x00000000032738b0]
Event: 22.274 Thread 0x0000000016064000 3581       3       org.gradle.api.internal.DefaultDomainObjectCollection::getMutationGuard (10 bytes)
Event: 22.274 Thread 0x0000000016064000 nmethod 3581 0x0000000003273910 code [0x0000000003273a80, 0x0000000003273ca8]
Event: 22.275 Thread 0x0000000016064000 3583       3       java.lang.StringBuilder::append (8 bytes)
Event: 22.275 Thread 0x0000000016064000 nmethod 3583 0x0000000003273d50 code [0x0000000003273ec0, 0x0000000003274048]
Event: 22.275 Thread 0x0000000016064000 3584       3       sun.reflect.ByteVectorImpl::put (27 bytes)
Event: 22.276 Thread 0x0000000016064000 nmethod 3584 0x00000000032740d0 code [0x0000000003274240, 0x0000000003274468]

GC Heap History (10 events):
Event: 10.284 GC heap before
{Heap before GC invocations=4 (full 1):
 PSYoungGen      total 76288K, used 10739K [0x00000000e0000000, 0x00000000e5500000, 0x0000000100000000)
  eden space 65536K, 0% used [0x00000000e0000000,0x00000000e0000000,0x00000000e4000000)
  from space 10752K, 99% used [0x00000000e4000000,0x00000000e4a7cd78,0x00000000e4a80000)
  to   space 10752K, 0% used [0x00000000e4a80000,0x00000000e4a80000,0x00000000e5500000)
 ParOldGen       total 175104K, used 676K [0x00000000a0000000, 0x00000000aab00000, 0x00000000e0000000)
  object space 175104K, 0% used [0x00000000a0000000,0x00000000a00a90f8,0x00000000aab00000)
 Metaspace       used 20703K, capacity 21144K, committed 21296K, reserved 1067008K
  class space    used 2909K, capacity 3093K, committed 3200K, reserved 1048576K
Event: 10.400 GC heap after
Heap after GC invocations=4 (full 1):
 PSYoungGen      total 76288K, used 0K [0x00000000e0000000, 0x00000000e5500000, 0x0000000100000000)
  eden space 65536K, 0% used [0x00000000e0000000,0x00000000e0000000,0x00000000e4000000)
  from space 10752K, 0% used [0x00000000e4000000,0x00000000e4000000,0x00000000e4a80000)
  to   space 10752K, 0% used [0x00000000e4a80000,0x00000000e4a80000,0x00000000e5500000)
 ParOldGen       total 115712K, used 11065K [0x00000000a0000000, 0x00000000a7100000, 0x00000000e0000000)
  object space 115712K, 9% used [0x00000000a0000000,0x00000000a0ace6c0,0x00000000a7100000)
 Metaspace       used 20703K, capacity 21144K, committed 21296K, reserved 1067008K
  class space    used 2909K, capacity 3093K, committed 3200K, reserved 1048576K
}
Event: 12.524 GC heap before
{Heap before GC invocations=5 (full 1):
 PSYoungGen      total 76288K, used 65536K [0x00000000e0000000, 0x00000000e5500000, 0x0000000100000000)
  eden space 65536K, 100% used [0x00000000e0000000,0x00000000e4000000,0x00000000e4000000)
  from space 10752K, 0% used [0x00000000e4000000,0x00000000e4000000,0x00000000e4a80000)
  to   space 10752K, 0% used [0x00000000e4a80000,0x00000000e4a80000,0x00000000e5500000)
 ParOldGen       total 115712K, used 11065K [0x00000000a0000000, 0x00000000a7100000, 0x00000000e0000000)
  object space 115712K, 9% used [0x00000000a0000000,0x00000000a0ace6c0,0x00000000a7100000)
 Metaspace       used 27882K, capacity 28356K, committed 28672K, reserved 1073152K
  class space    used 3812K, capacity 3998K, committed 4096K, reserved 1048576K
Event: 12.541 GC heap after
Heap after GC invocations=5 (full 1):
 PSYoungGen      total 76288K, used 7227K [0x00000000e0000000, 0x00000000e6f80000, 0x0000000100000000)
  eden space 65536K, 0% used [0x00000000e0000000,0x00000000e0000000,0x00000000e4000000)
  from space 10752K, 67% used [0x00000000e4a80000,0x00000000e518eca8,0x00000000e5500000)
  to   space 10752K, 0% used [0x00000000e4000000,0x00000000e4000000,0x00000000e4a80000)
 ParOldGen       total 115712K, used 11073K [0x00000000a0000000, 0x00000000a7100000, 0x00000000e0000000)
  object space 115712K, 9% used [0x00000000a0000000,0x00000000a0ad06c0,0x00000000a7100000)
 Metaspace       used 27882K, capacity 28356K, committed 28672K, reserved 1073152K
  class space    used 3812K, capacity 3998K, committed 4096K, reserved 1048576K
}
Event: 15.529 GC heap before
{Heap before GC invocations=6 (full 1):
 PSYoungGen      total 76288K, used 72763K [0x00000000e0000000, 0x00000000e6f80000, 0x0000000100000000)
  eden space 65536K, 100% used [0x00000000e0000000,0x00000000e4000000,0x00000000e4000000)
  from space 10752K, 67% used [0x00000000e4a80000,0x00000000e518eca8,0x00000000e5500000)
  to   space 10752K, 0% used [0x00000000e4000000,0x00000000e4000000,0x00000000e4a80000)
 ParOldGen       total 115712K, used 11073K [0x00000000a0000000, 0x00000000a7100000, 0x00000000e0000000)
  object space 115712K, 9% used [0x00000000a0000000,0x00000000a0ad06c0,0x00000000a7100000)
 Metaspace       used 32248K, capacity 32814K, committed 33152K, reserved 1077248K
  class space    used 4445K, capacity 4643K, committed 4736K, reserved 1048576K
Event: 15.551 GC heap after
Heap after GC invocations=6 (full 1):
 PSYoungGen      total 76288K, used 9562K [0x00000000e0000000, 0x00000000e7380000, 0x0000000100000000)
  eden space 65536K, 0% used [0x00000000e0000000,0x00000000e0000000,0x00000000e4000000)
  from space 10752K, 88% used [0x00000000e4000000,0x00000000e4956888,0x00000000e4a80000)
  to   space 12800K, 0% used [0x00000000e6700000,0x00000000e6700000,0x00000000e7380000)
 ParOldGen       total 115712K, used 11081K [0x00000000a0000000, 0x00000000a7100000, 0x00000000e0000000)
  object space 115712K, 9% used [0x00000000a0000000,0x00000000a0ad26c0,0x00000000a7100000)
 Metaspace       used 32248K, capacity 32814K, committed 33152K, reserved 1077248K
  class space    used 4445K, capacity 4643K, committed 4736K, reserved 1048576K
}
Event: 18.509 GC heap before
{Heap before GC invocations=7 (full 1):
 PSYoungGen      total 76288K, used 58943K [0x00000000e0000000, 0x00000000e7380000, 0x0000000100000000)
  eden space 65536K, 75% used [0x00000000e0000000,0x00000000e3039758,0x00000000e4000000)
  from space 10752K, 88% used [0x00000000e4000000,0x00000000e4956888,0x00000000e4a80000)
  to   space 12800K, 0% used [0x00000000e6700000,0x00000000e6700000,0x00000000e7380000)
 ParOldGen       total 115712K, used 11081K [0x00000000a0000000, 0x00000000a7100000, 0x00000000e0000000)
  object space 115712K, 9% used [0x00000000a0000000,0x00000000a0ad26c0,0x00000000a7100000)
 Metaspace       used 34712K, capacity 35418K, committed 35496K, reserved 1079296K
  class space    used 4799K, capacity 5003K, committed 5032K, reserved 1048576K
Event: 18.532 GC heap after
Heap after GC invocations=7 (full 1):
 PSYoungGen      total 104960K, used 10594K [0x00000000e0000000, 0x00000000e7480000, 0x0000000100000000)
  eden space 92160K, 0% used [0x00000000e0000000,0x00000000e0000000,0x00000000e5a00000)
  from space 12800K, 82% used [0x00000000e6700000,0x00000000e71589d8,0x00000000e7380000)
  to   space 13312K, 0% used [0x00000000e5a00000,0x00000000e5a00000,0x00000000e6700000)
 ParOldGen       total 115712K, used 11089K [0x00000000a0000000, 0x00000000a7100000, 0x00000000e0000000)
  object space 115712K, 9% used [0x00000000a0000000,0x00000000a0ad46c0,0x00000000a7100000)
 Metaspace       used 34712K, capacity 35418K, committed 35496K, reserved 1079296K
  class space    used 4799K, capacity 5003K, committed 5032K, reserved 1048576K
}
Event: 18.532 GC heap before
{Heap before GC invocations=8 (full 2):
 PSYoungGen      total 104960K, used 10594K [0x00000000e0000000, 0x00000000e7480000, 0x0000000100000000)
  eden space 92160K, 0% used [0x00000000e0000000,0x00000000e0000000,0x00000000e5a00000)
  from space 12800K, 82% used [0x00000000e6700000,0x00000000e71589d8,0x00000000e7380000)
  to   space 13312K, 0% used [0x00000000e5a00000,0x00000000e5a00000,0x00000000e6700000)
 ParOldGen       total 115712K, used 11089K [0x00000000a0000000, 0x00000000a7100000, 0x00000000e0000000)
  object space 115712K, 9% used [0x00000000a0000000,0x00000000a0ad46c0,0x00000000a7100000)
 Metaspace       used 34712K, capacity 35418K, committed 35496K, reserved 1079296K
  class space    used 4799K, capacity 5003K, committed 5032K, reserved 1048576K
Event: 18.874 GC heap after
Heap after GC invocations=8 (full 2):
 PSYoungGen      total 104960K, used 0K [0x00000000e0000000, 0x00000000e7480000, 0x0000000100000000)
  eden space 92160K, 0% used [0x00000000e0000000,0x00000000e0000000,0x00000000e5a00000)
  from space 12800K, 0% used [0x00000000e6700000,0x00000000e6700000,0x00000000e7380000)
  to   space 13312K, 0% used [0x00000000e5a00000,0x00000000e5a00000,0x00000000e6700000)
 ParOldGen       total 202752K, used 17430K [0x00000000a0000000, 0x00000000ac600000, 0x00000000e0000000)
  object space 202752K, 8% used [0x00000000a0000000,0x00000000a1105a98,0x00000000ac600000)
 Metaspace       used 34708K, capacity 35406K, committed 35496K, reserved 1079296K
  class space    used 4798K, capacity 5001K, committed 5032K, reserved 1048576K
}

Deoptimization events (10 events):
Event: 20.943 Thread 0x00000000190e4000 Uncommon trap: reason=unstable_if action=reinterpret pc=0x0000000002bcc87c method=java.lang.CharacterDataLatin1.isWhitespace(I)Z @ 14
Event: 21.151 Thread 0x00000000190e4000 Uncommon trap: reason=unstable_if action=reinterpret pc=0x0000000002f88d68 method=java.util.jar.JarFile.getInputStream(Ljava/util/zip/ZipEntry;)Ljava/io/InputStream; @ 37
Event: 21.172 Thread 0x00000000190e4000 Uncommon trap: reason=unstable_if action=reinterpret pc=0x0000000003180284 method=java.util.jar.JarFile$JarFileEntry.getCodeSigners()[Ljava/security/CodeSigner; @ 24
Event: 21.172 Thread 0x00000000190e4000 Uncommon trap: reason=unstable_if action=reinterpret pc=0x00000000030a3470 method=java.security.CodeSource.<init>(Ljava/net/URL;[Ljava/security/CodeSigner;)V @ 25
Event: 21.174 Thread 0x00000000190e4000 Uncommon trap: reason=unstable_if action=reinterpret pc=0x0000000002c2d92c method=java.security.CodeSource.getCertificates()[Ljava/security/cert/Certificate; @ 22
Event: 21.175 Thread 0x00000000190e4000 Uncommon trap: reason=unstable_if action=reinterpret pc=0x0000000002f5856c method=java.util.jar.JarFile.getInputStream(Ljava/util/zip/ZipEntry;)Ljava/io/InputStream; @ 21
Event: 21.177 Thread 0x00000000190e4000 Uncommon trap: reason=unstable_if action=reinterpret pc=0x00000000030a7d44 method=java.security.CodeSource.matchCerts(Ljava/security/CodeSource;Z)Z @ 11
Event: 21.408 Thread 0x00000000190e4000 Uncommon trap: reason=unstable_if action=reinterpret pc=0x0000000003239518 method=java.util.LinkedHashMap.get(Ljava/lang/Object;)Ljava/lang/Object; @ 20
Event: 21.634 Thread 0x00000000190e4000 Uncommon trap: reason=unstable_if action=reinterpret pc=0x0000000002f74268 method=org.objectweb.asm.ByteVector.putUTF8(Ljava/lang/String;)Lorg/objectweb/asm/ByteVector; @ 93
Event: 22.108 Thread 0x00000000190e4000 Uncommon trap: reason=unstable_if action=reinterpret pc=0x00000000028c5b70 method=org.objectweb.asm.ByteVector.putUTF8(Ljava/lang/String;)Lorg/objectweb/asm/ByteVector; @ 93

Classes redefined (0 events):
No events

Internal exceptions (10 events):
Event: 18.192 Thread 0x00000000190e4000 Exception <a 'java/lang/ClassNotFoundException': org/gradle/api/tasks/DeleteCustomizer> (0x00000000e29c4bc8) thrown at [D:\src\AOSP-openjdk-cygwin\jdk8u\hotspot\src\share\vm\classfile\systemDictionary.cpp, line 210]
Event: 18.203 Thread 0x00000000190e4000 Exception <a 'java/lang/ClassNotFoundException': org/gradle/api/tasks/Delete_DecoratedCustomizer> (0x00000000e2a0dcf0) thrown at [D:\src\AOSP-openjdk-cygwin\jdk8u\hotspot\src\share\vm\classfile\systemDictionary.cpp, line 210]
Event: 18.309 Thread 0x00000000190e4000 Exception <a 'java/lang/ClassNotFoundException': build_8lk7kvchevkl0a7kgvbausvisBeanInfo> (0x00000000e2b06420) thrown at [D:\src\AOSP-openjdk-cygwin\jdk8u\hotspot\src\share\vm\classfile\systemDictionary.cpp, line 210]
Event: 18.310 Thread 0x00000000190e4000 Exception <a 'java/lang/ClassNotFoundException': build_8lk7kvchevkl0a7kgvbausvisCustomizer> (0x00000000e2b11678) thrown at [D:\src\AOSP-openjdk-cygwin\jdk8u\hotspot\src\share\vm\classfile\systemDictionary.cpp, line 210]
Event: 19.176 Thread 0x00000000190e4000 Implicit null exception at 0x00000000030b45a7 to 0x00000000030b55ad
Event: 20.116 Thread 0x00000000190e4000 Exception <a 'sun/nio/fs/WindowsException'> (0x00000000e188d8b0) thrown at [D:\src\AOSP-openjdk-cygwin\jdk8u\hotspot\src\share\vm\prims\jni.cpp, line 709]
Event: 22.188 Thread 0x00000000190e4000 Exception <a 'java/lang/ClassNotFoundException': com/android/build/gradle/internal/api/DefaultAndroidSourceSet_DecoratedBeanInfo> (0x00000000e3c540d8) thrown at [D:\src\AOSP-openjdk-cygwin\jdk8u\hotspot\src\share\vm\classfile\systemDictionary.cpp, line 21
Event: 22.189 Thread 0x00000000190e4000 Exception <a 'java/lang/ClassNotFoundException': com/android/build/gradle/internal/api/DefaultAndroidSourceSetBeanInfo> (0x00000000e3c6fc38) thrown at [D:\src\AOSP-openjdk-cygwin\jdk8u\hotspot\src\share\vm\classfile\systemDictionary.cpp, line 210]
Event: 22.190 Thread 0x00000000190e4000 Exception <a 'java/lang/ClassNotFoundException': com/android/build/gradle/internal/api/DefaultAndroidSourceSetCustomizer> (0x00000000e3c8bc68) thrown at [D:\src\AOSP-openjdk-cygwin\jdk8u\hotspot\src\share\vm\classfile\systemDictionary.cpp, line 210]
Event: 22.195 Thread 0x00000000190e4000 Exception <a 'java/lang/ClassNotFoundException': com/android/build/gradle/internal/api/DefaultAndroidSourceSet_DecoratedCustomizer> (0x00000000e3d012e8) thrown at [D:\src\AOSP-openjdk-cygwin\jdk8u\hotspot\src\share\vm\classfile\systemDictionary.cpp, line 

Events (10 events):
Event: 22.266 loading class com/android/build/gradle/internal/dependency/SourceSetManagerKt
Event: 22.266 loading class com/android/build/gradle/internal/dependency/SourceSetManagerKt done
Event: 22.267 loading class org/gradle/api/artifacts/DependencySet
Event: 22.267 loading class org/gradle/api/artifacts/DependencySet done
Event: 22.273 loading class com/google/common/collect/Collections2
Event: 22.273 loading class com/google/common/collect/Collections2 done
Event: 22.276 loading class kotlin/text/StringsKt
Event: 22.276 loading class kotlin/text/StringsKt done
Event: 22.276 loading class kotlin/text/StringsKt
Event: 22.276 loading class kotlin/text/StringsKt done


Dynamic libraries:
0x00007ff6c8a00000 - 0x00007ff6c8a31000 	C:\Program Files\Android\Android Studio\jre\bin\java.exe
0x00007ffe26020000 - 0x00007ffe26210000 	C:\WINDOWS\SYSTEM32\ntdll.dll
0x00007ffe255e0000 - 0x00007ffe25692000 	C:\WINDOWS\System32\KERNEL32.DLL
0x00007ffe23e20000 - 0x00007ffe240c3000 	C:\WINDOWS\System32\KERNELBASE.dll
0x00007ffe25f30000 - 0x00007ffe25fd3000 	C:\WINDOWS\System32\ADVAPI32.dll
0x00007ffe24770000 - 0x00007ffe2480e000 	C:\WINDOWS\System32\msvcrt.dll
0x00007ffe25720000 - 0x00007ffe257b7000 	C:\WINDOWS\System32\sechost.dll
0x00007ffe25030000 - 0x00007ffe25150000 	C:\WINDOWS\System32\RPCRT4.dll
0x00007ffe25250000 - 0x00007ffe253e4000 	C:\WINDOWS\System32\USER32.dll
0x00007ffe22fb0000 - 0x00007ffe22fd1000 	C:\WINDOWS\System32\win32u.dll
0x00007ffe25150000 - 0x00007ffe25176000 	C:\WINDOWS\System32\GDI32.dll
0x00007ffe23990000 - 0x00007ffe23b24000 	C:\WINDOWS\System32\gdi32full.dll
0x00007ffe23b60000 - 0x00007ffe23bfe000 	C:\WINDOWS\System32\msvcp_win.dll
0x00007ffe23760000 - 0x00007ffe2385a000 	C:\WINDOWS\System32\ucrtbase.dll
0x00007ffe0d270000 - 0x00007ffe0d4f5000 	C:\WINDOWS\WinSxS\amd64_microsoft.windows.common-controls_6595b64144ccf1df_6.0.18362.476_none_e6c4b11b130f2595\COMCTL32.dll
0x00007ffe25bc0000 - 0x00007ffe25ef6000 	C:\WINDOWS\System32\combase.dll
0x00007ffe23860000 - 0x00007ffe238e0000 	C:\WINDOWS\System32\bcryptPrimitives.dll
0x00007ffe25f00000 - 0x00007ffe25f2e000 	C:\WINDOWS\System32\IMM32.DLL
0x000000005c830000 - 0x000000005c902000 	C:\Program Files\Android\Android Studio\jre\jre\bin\msvcr100.dll
0x000000005cab0000 - 0x000000005d2f1000 	C:\Program Files\Android\Android Studio\jre\jre\bin\server\jvm.dll
0x00007ffe24680000 - 0x00007ffe24688000 	C:\WINDOWS\System32\PSAPI.DLL
0x00007ffe0da60000 - 0x00007ffe0da69000 	C:\WINDOWS\SYSTEM32\WSOCK32.dll
0x00007ffe254a0000 - 0x00007ffe2550f000 	C:\WINDOWS\System32\WS2_32.dll
0x00007ffe1c5a0000 - 0x00007ffe1c5c4000 	C:\WINDOWS\SYSTEM32\WINMM.dll
0x00007ffe1be80000 - 0x00007ffe1be8a000 	C:\WINDOWS\SYSTEM32\VERSION.dll
0x00007ffe1c550000 - 0x00007ffe1c57d000 	C:\WINDOWS\SYSTEM32\WINMMBASE.dll
0x00007ffe23d50000 - 0x00007ffe23d9a000 	C:\WINDOWS\System32\cfgmgr32.dll
0x00007ffe11280000 - 0x00007ffe1128f000 	C:\Program Files\Android\Android Studio\jre\jre\bin\verify.dll
0x00007ffe10680000 - 0x00007ffe106a9000 	C:\Program Files\Android\Android Studio\jre\jre\bin\java.dll
0x00007ffe103b0000 - 0x00007ffe103c6000 	C:\Program Files\Android\Android Studio\jre\jre\bin\zip.dll
0x00007ffe24810000 - 0x00007ffe24ef5000 	C:\WINDOWS\System32\SHELL32.dll
0x00007ffe24f00000 - 0x00007ffe24fa9000 	C:\WINDOWS\System32\shcore.dll
0x00007ffe22fe0000 - 0x00007ffe2375e000 	C:\WINDOWS\System32\windows.storage.dll
0x00007ffe22f50000 - 0x00007ffe22f6f000 	C:\WINDOWS\System32\profapi.dll
0x00007ffe22f00000 - 0x00007ffe22f4a000 	C:\WINDOWS\System32\powrprof.dll
0x00007ffe22ef0000 - 0x00007ffe22f00000 	C:\WINDOWS\System32\UMPDC.dll
0x00007ffe259e0000 - 0x00007ffe25a32000 	C:\WINDOWS\System32\shlwapi.dll
0x00007ffe22f70000 - 0x00007ffe22f81000 	C:\WINDOWS\System32\kernel.appcore.dll
0x00007ffe23e00000 - 0x00007ffe23e17000 	C:\WINDOWS\System32\cryptsp.dll
0x00007ffe076d0000 - 0x00007ffe076ea000 	C:\Program Files\Android\Android Studio\jre\jre\bin\net.dll
0x00007ffe22760000 - 0x00007ffe227c7000 	C:\WINDOWS\system32\mswsock.dll
0x00007ffe076b0000 - 0x00007ffe076c1000 	C:\Program Files\Android\Android Studio\jre\jre\bin\nio.dll
0x00007ffe16320000 - 0x00007ffe1633e000 	C:\Users\l2040\.gradle\native\25\windows-amd64\native-platform.dll
0x00007ffe11270000 - 0x00007ffe1127d000 	C:\Program Files\Android\Android Studio\jre\jre\bin\management.dll
0x00007ffe222d0000 - 0x00007ffe22303000 	C:\WINDOWS\system32\rsaenh.dll
0x00007ffe23b30000 - 0x00007ffe23b56000 	C:\WINDOWS\System32\bcrypt.dll
0x00007ffe22e10000 - 0x00007ffe22e35000 	C:\WINDOWS\SYSTEM32\USERENV.dll
0x00007ffe22930000 - 0x00007ffe2293c000 	C:\WINDOWS\SYSTEM32\CRYPTBASE.dll
0x00007ffe22470000 - 0x00007ffe224aa000 	C:\WINDOWS\SYSTEM32\IPHLPAPI.DLL
0x00007ffe24760000 - 0x00007ffe24768000 	C:\WINDOWS\System32\NSI.dll
0x00007ffe1bb90000 - 0x00007ffe1bba6000 	C:\WINDOWS\SYSTEM32\dhcpcsvc6.DLL
0x00007ffe1bd20000 - 0x00007ffe1bd3c000 	C:\WINDOWS\SYSTEM32\dhcpcsvc.DLL
0x00007ffe224c0000 - 0x00007ffe2258a000 	C:\WINDOWS\SYSTEM32\DNSAPI.dll

VM Arguments:
jvm_args: -Xmx1536m -Dfile.encoding=windows-1252 -Duser.country=US -Duser.language=en -Duser.variant 
java_command: org.gradle.launcher.daemon.bootstrap.GradleDaemon 5.1.1
java_class_path (initial): C:\Users\l2040\.gradle\wrapper\dists\gradle-5.1.1-all\97z1ksx6lirer3kbvdnh7jtjg\gradle-5.1.1\lib\gradle-launcher-5.1.1.jar
Launcher Type: SUN_STANDARD

Environment Variables:
PATH=C:\Program Files (x86)\Common Files\Oracle\Java\javapath;C:\Program Files (x86)\Intel\iCLS Client\;C:\ProgramData\Oracle\Java\javapath;C:\Program Files\Intel\iCLS Client\;C:\windows\system32;C:\windows;C:\windows\System32\Wbem;C:\windows\System32\WindowsPowerShell\v1.0\;C:\Program Files (x86)\NVIDIA Corporation\PhysX\Common;C:\Program Files\PuTTY\;C:\WINDOWS\system32;C:\WINDOWS;C:\WINDOWS\System32\Wbem;C:\WINDOWS\System32\WindowsPowerShell\v1.0\;C:\Program Files (x86)\Intel\Intel(R) Management Engine Components\DAL;C:\Program Files\Intel\Intel(R) Management Engine Components\DAL;C:\Program Files (x86)\Intel\Intel(R) Management Engine Components\IPT;C:\Program Files\Intel\Intel(R) Management Engine Components\IPT;C:\Program Files\SourceGear\Common\DiffMerge\;C:\WINDOWS\System32\OpenSSH\;C:\Program Files\Git\cmd;C:\Program Files\Intel\WiFi\bin\;C:\Program Files\Common Files\Intel\WirelessCommon\;C:\Program Files\NVIDIA Corporation\NVIDIA NvDLISR;%SystemRoot%\system32;%SystemRoot%;%SystemRoot%\System32\Wbem;%SYSTEMROOT%\System32\WindowsPowerShell\v1.0\;%SYSTEMROOT%\System32\OpenSSH\;C:\Users\l2040\AppData\Local\Microsoft\WindowsApps;
USERNAME=l2040
OS=Windows_NT
PROCESSOR_IDENTIFIER=Intel64 Family 6 Model 142 Stepping 9, GenuineIntel



---------------  S Y S T E M  ---------------

OS: Windows 10.0 , 64 bit Build 18362 (10.0.18362.329)

CPU:total 4 (initial active 4) (2 cores per cpu, 2 threads per core) family 6 model 142 stepping 9, cmov, cx8, fxsr, mmx, sse, sse2, sse3, ssse3, sse4.1, sse4.2, popcnt, avx, avx2, aes, clmul, erms, 3dnowpref, lzcnt, ht, tsc, tscinvbit, bmi1, bmi2, adx

Memory: 4k page, physical 16653052k(10462036k free), swap 66984700k(4256k free)

vm_info: OpenJDK 64-Bit Server VM (25.152-b01) for windows-amd64 JRE (1.8.0_152-release-1343-b01), built by "builder" with MS VC++ 10.0 (VS2010)

time: Mon Nov 18 19:52:34 2019
elapsed time: 22 seconds (0d 0h 0m 22s)

