#
# There is insufficient memory for the Java Runtime Environment to continue.
# Native memory allocation (malloc) failed to allocate 498016 bytes for Chunk::new
# Possible reasons:
#   The system is out of physical RAM or swap space
#   In 32 bit mode, the process size limit was hit
# Possible solutions:
#   Reduce memory load on the system
#   Increase physical memory or swap space
#   Check if swap backing store is full
#   Use 64 bit Java on a 64 bit OS
#   Decrease Java heap size (-Xmx/-Xms)
#   Decrease number of Java threads
#   Decrease Java thread stack sizes (-Xss)
#   Set larger code cache with -XX:ReservedCodeCacheSize=
# This output file may be truncated or incomplete.
#
#  Out of Memory Error (allocation.cpp:390), pid=15728, tid=0x0000000000003a8c
#
# JRE version: OpenJDK Runtime Environment (8.0_152-b01) (build 1.8.0_152-release-1343-b01)
# Java VM: OpenJDK 64-Bit Server VM (25.152-b01 mixed mode windows-amd64 compressed oops)
# Failed to write core dump. Minidumps are not enabled by default on client versions of Windows
#

---------------  T H R E A D  ---------------

Current thread (0x0000000016d98800):  JavaThread "C2 CompilerThread0" daemon [_thread_in_native, id=14988, stack(0x0000000018400000,0x0000000018500000)]

Stack: [0x0000000018400000,0x0000000018500000]
[error occurred during error reporting (printing stack bounds), id 0xc0000005]

Native frames: (J=compiled Java code, j=interpreted, Vv=VM code, C=native code)


Current CompileTask:
C2:  19677 3434   !   4       java.util.jar.Attributes::read (380 bytes)


---------------  P R O C E S S  ---------------

Java Threads: ( => current thread )
  0x000000001c668800 JavaThread "Cache worker for Build Output Cleanup Cache (C:\Users\l2040\Desktop\Portfolio\.gradle\buildOutputCleanup)" [_thread_blocked, id=13068, stack(0x0000000020f60000,0x0000000021060000)]
  0x000000001c665000 JavaThread "Build operations Thread 4" [_thread_blocked, id=7708, stack(0x0000000021370000,0x0000000021470000)]
  0x000000001c668000 JavaThread "Build operations Thread 3" [_thread_blocked, id=16104, stack(0x0000000021270000,0x0000000021370000)]
  0x000000001c66b800 JavaThread "Build operations Thread 2" [_thread_blocked, id=15004, stack(0x0000000021170000,0x0000000021270000)]
  0x000000001c666800 JavaThread "Build operations" [_thread_blocked, id=18560, stack(0x0000000021070000,0x0000000021170000)]
  0x0000000019eec000 JavaThread "Cache worker for execution history cache (C:\Users\l2040\.gradle\caches\5.1.1\executionHistory)" [_thread_blocked, id=12032, stack(0x000000001f600000,0x000000001f700000)]
  0x0000000019eeb000 JavaThread "Cache worker for cache directory md-rule (C:\Users\l2040\.gradle\caches\5.1.1\md-rule)" [_thread_blocked, id=14680, stack(0x000000001f160000,0x000000001f260000)]
  0x0000000019ee8000 JavaThread "Cache worker for cache directory md-supplier (C:\Users\l2040\.gradle\caches\5.1.1\md-supplier)" [_thread_blocked, id=8704, stack(0x000000001ecc0000,0x000000001edc0000)]
  0x0000000019eec800 JavaThread "Cache worker for file hash cache (C:\Users\l2040\Desktop\Portfolio\.gradle\5.1.1\fileHashes)" [_thread_blocked, id=18596, stack(0x000000001ee60000,0x000000001ef60000)]
  0x0000000019eea800 JavaThread "Cache worker for journal cache (C:\Users\l2040\.gradle\caches\journal-1)" [_thread_blocked, id=13324, stack(0x000000001b850000,0x000000001b950000)]
  0x0000000019eed800 JavaThread "File lock request listener" [_thread_in_native, id=17760, stack(0x000000001b750000,0x000000001b850000)]
  0x0000000019f0a800 JavaThread "Cache worker for file hash cache (C:\Users\l2040\.gradle\caches\5.1.1\fileHashes)" [_thread_blocked, id=11544, stack(0x000000001b650000,0x000000001b750000)]
  0x0000000019254800 JavaThread "Thread-8" [_thread_blocked, id=14164, stack(0x000000001b550000,0x000000001b650000)]
  0x0000000018fd5000 JavaThread "Stdin handler" [_thread_blocked, id=18448, stack(0x000000001b450000,0x000000001b550000)]
  0x0000000018fd2000 JavaThread "Asynchronous log dispatcher for DefaultDaemonConnection: socket connection from /127.0.0.1:62634 to /127.0.0.1:62635" [_thread_blocked, id=18124, stack(0x000000001b350000,0x000000001b450000)]
  0x0000000019d22800 JavaThread "Daemon worker" [_thread_in_vm, id=6872, stack(0x000000001b250000,0x000000001b350000)]
  0x0000000019d21800 JavaThread "Cancel handler" [_thread_blocked, id=11012, stack(0x000000001b150000,0x000000001b250000)]
  0x00000000196ab000 JavaThread "Handler for socket connection from /127.0.0.1:62634 to /127.0.0.1:62635" [_thread_in_native, id=7716, stack(0x000000001ae50000,0x000000001af50000)]
  0x00000000195d0000 JavaThread "Daemon" [_thread_blocked, id=10016, stack(0x000000001ad50000,0x000000001ae50000)]
  0x00000000195b2000 JavaThread "Daemon periodic checks" [_thread_blocked, id=12988, stack(0x000000001ac50000,0x000000001ad50000)]
  0x0000000018828000 JavaThread "Incoming local TCP Connector on port 62634" [_thread_in_native, id=17988, stack(0x000000001aa10000,0x000000001ab10000)]
  0x0000000018610000 JavaThread "Service Thread" daemon [_thread_blocked, id=17644, stack(0x0000000018b00000,0x0000000018c00000)]
  0x0000000018608800 JavaThread "C1 CompilerThread2" daemon [_thread_in_native, id=6088, stack(0x0000000018a00000,0x0000000018b00000)]
  0x0000000016d9c000 JavaThread "C2 CompilerThread1" daemon [_thread_in_native, id=14104, stack(0x0000000018500000,0x0000000018600000)]
=>0x0000000016d98800 JavaThread "C2 CompilerThread0" daemon [_thread_in_native, id=14988, stack(0x0000000018400000,0x0000000018500000)]
  0x0000000016da6800 JavaThread "Attach Listener" daemon [_thread_blocked, id=17712, stack(0x0000000018300000,0x0000000018400000)]
  0x0000000016da5000 JavaThread "Signal Dispatcher" daemon [_thread_blocked, id=19088, stack(0x0000000018200000,0x0000000018300000)]
  0x000000000342b800 JavaThread "Finalizer" daemon [_thread_blocked, id=17260, stack(0x0000000018000000,0x0000000018100000)]
  0x0000000003420800 JavaThread "Reference Handler" daemon [_thread_blocked, id=16960, stack(0x0000000017f00000,0x0000000018000000)]
  0x000000000332e000 JavaThread "main" [_thread_blocked, id=13408, stack(0x0000000003130000,0x0000000003230000)]

Other Threads:
  0x0000000016d66000 VMThread [stack: 0x0000000017e00000,0x0000000017f00000] [id=18436]
  0x0000000018611000 WatcherThread [stack: 0x0000000018c00000,0x0000000018d00000] [id=17252]

VM state:not at safepoint (normal execution)

VM Mutex/Monitor currently owned by a thread:  ([mutex/lock_event])
[0x000000000332c620] CodeCache_lock - owner thread: 0x0000000018608800

Heap:
 PSYoungGen      total 151552K, used 43244K [0x00000000e0000000, 0x00000000ed900000, 0x0000000100000000)
  eden space 137216K, 31% used [0x00000000e0000000,0x00000000e2a3b210,0x00000000e8600000)
  from space 14336K, 0% used [0x00000000e9380000,0x00000000e9380000,0x00000000ea180000)
  to   space 13824K, 0% used [0x00000000e8600000,0x00000000e8600000,0x00000000e9380000)
 ParOldGen       total 111616K, used 16993K [0x00000000a0000000, 0x00000000a6d00000, 0x00000000e0000000)
  object space 111616K, 15% used [0x00000000a0000000,0x00000000a1098468,0x00000000a6d00000)
 Metaspace       used 41217K, capacity 42038K, committed 42280K, reserved 1087488K
  class space    used 5608K, capacity 5838K, committed 5928K, reserved 1048576K

Card table byte_map: [0x00000000127f0000,0x0000000012b00000] byte_map_base: 0x00000000122f0000

Marking Bits: (ParMarkBitMap*) 0x000000005d425aa0
 Begin Bits: [0x0000000013100000, 0x0000000014900000)
 End Bits:   [0x0000000014900000, 0x0000000016100000)

Polling page: 0x00000000013c0000

CodeCache: size=245760Kb used=11364Kb max_used=11364Kb free=234395Kb
 bounds [0x0000000003430000, 0x0000000003f60000, 0x0000000012430000]
 total_blobs=3990 nmethods=3258 adapters=645
 compilation: enabled

Compilation events (10 events):
Event: 19.636 Thread 0x0000000018608800 3462       3       sun.security.util.ObjectIdentifier::hashCode (8 bytes)
Event: 19.637 Thread 0x0000000018608800 nmethod 3462 0x0000000003f48c50 code [0x0000000003f48dc0, 0x0000000003f48f48]
Event: 19.639 Thread 0x0000000018608800 3463  s    3       java.io.ByteArrayInputStream::reset (9 bytes)
Event: 19.639 Thread 0x0000000018608800 nmethod 3463 0x0000000003f48fd0 code [0x0000000003f49120, 0x0000000003f493d0]
Event: 19.644 Thread 0x0000000018608800 3464       3       java.math.MutableBigInteger::unsignedLongCompare (20 bytes)
Event: 19.645 Thread 0x0000000018608800 nmethod 3464 0x0000000003f49890 code [0x0000000003f499e0, 0x0000000003f49bb0]
Event: 19.645 Thread 0x0000000018608800 3465       3       java.math.BigInteger::subN (46 bytes)
Event: 19.646 Thread 0x0000000018608800 nmethod 3465 0x0000000003f49c50 code [0x0000000003f49dc0, 0x0000000003f4a030]
Event: 19.647 Thread 0x0000000016d9c000 3466       4       java.lang.Character::isWhitespace (5 bytes)
Event: 19.649 Thread 0x0000000016d9c000 nmethod 3466 0x0000000003f4ce90 code [0x0000000003f4cfc0, 0x0000000003f4d058]

GC Heap History (10 events):
Event: 10.093 GC heap before
{Heap before GC invocations=4 (full 1):
 PSYoungGen      total 76288K, used 10740K [0x00000000e0000000, 0x00000000e9500000, 0x0000000100000000)
  eden space 65536K, 0% used [0x00000000e0000000,0x00000000e0000000,0x00000000e4000000)
  from space 10752K, 99% used [0x00000000e4000000,0x00000000e4a7d1a0,0x00000000e4a80000)
  to   space 10752K, 0% used [0x00000000e8a80000,0x00000000e8a80000,0x00000000e9500000)
 ParOldGen       total 175104K, used 638K [0x00000000a0000000, 0x00000000aab00000, 0x00000000e0000000)
  object space 175104K, 0% used [0x00000000a0000000,0x00000000a009f840,0x00000000aab00000)
 Metaspace       used 20689K, capacity 21144K, committed 21296K, reserved 1067008K
  class space    used 2909K, capacity 3093K, committed 3200K, reserved 1048576K
Event: 10.230 GC heap after
Heap after GC invocations=4 (full 1):
 PSYoungGen      total 76288K, used 0K [0x00000000e0000000, 0x00000000e9500000, 0x0000000100000000)
  eden space 65536K, 0% used [0x00000000e0000000,0x00000000e0000000,0x00000000e4000000)
  from space 10752K, 0% used [0x00000000e4000000,0x00000000e4000000,0x00000000e4a80000)
  to   space 10752K, 0% used [0x00000000e8a80000,0x00000000e8a80000,0x00000000e9500000)
 ParOldGen       total 111616K, used 11066K [0x00000000a0000000, 0x00000000a6d00000, 0x00000000e0000000)
  object space 111616K, 9% used [0x00000000a0000000,0x00000000a0ace8c8,0x00000000a6d00000)
 Metaspace       used 20689K, capacity 21144K, committed 21296K, reserved 1067008K
  class space    used 2909K, capacity 3093K, committed 3200K, reserved 1048576K
}
Event: 12.371 GC heap before
{Heap before GC invocations=5 (full 1):
 PSYoungGen      total 76288K, used 65536K [0x00000000e0000000, 0x00000000e9500000, 0x0000000100000000)
  eden space 65536K, 100% used [0x00000000e0000000,0x00000000e4000000,0x00000000e4000000)
  from space 10752K, 0% used [0x00000000e4000000,0x00000000e4000000,0x00000000e4a80000)
  to   space 10752K, 0% used [0x00000000e8a80000,0x00000000e8a80000,0x00000000e9500000)
 ParOldGen       total 111616K, used 11066K [0x00000000a0000000, 0x00000000a6d00000, 0x00000000e0000000)
  object space 111616K, 9% used [0x00000000a0000000,0x00000000a0ace8c8,0x00000000a6d00000)
 Metaspace       used 27878K, capacity 28356K, committed 28672K, reserved 1073152K
  class space    used 3809K, capacity 3998K, committed 4096K, reserved 1048576K
Event: 12.386 GC heap after
Heap after GC invocations=5 (full 1):
 PSYoungGen      total 102912K, used 7227K [0x00000000e0000000, 0x00000000e9200000, 0x0000000100000000)
  eden space 95232K, 0% used [0x00000000e0000000,0x00000000e0000000,0x00000000e5d00000)
  from space 7680K, 94% used [0x00000000e8a80000,0x00000000e918ee28,0x00000000e9200000)
  to   space 10752K, 0% used [0x00000000e7d00000,0x00000000e7d00000,0x00000000e8780000)
 ParOldGen       total 111616K, used 11074K [0x00000000a0000000, 0x00000000a6d00000, 0x00000000e0000000)
  object space 111616K, 9% used [0x00000000a0000000,0x00000000a0ad08c8,0x00000000a6d00000)
 Metaspace       used 27878K, capacity 28356K, committed 28672K, reserved 1073152K
  class space    used 3809K, capacity 3998K, committed 4096K, reserved 1048576K
}
Event: 16.735 GC heap before
{Heap before GC invocations=6 (full 1):
 PSYoungGen      total 102912K, used 102459K [0x00000000e0000000, 0x00000000e9200000, 0x0000000100000000)
  eden space 95232K, 100% used [0x00000000e0000000,0x00000000e5d00000,0x00000000e5d00000)
  from space 7680K, 94% used [0x00000000e8a80000,0x00000000e918ee28,0x00000000e9200000)
  to   space 10752K, 0% used [0x00000000e7d00000,0x00000000e7d00000,0x00000000e8780000)
 ParOldGen       total 111616K, used 11074K [0x00000000a0000000, 0x00000000a6d00000, 0x00000000e0000000)
  object space 111616K, 9% used [0x00000000a0000000,0x00000000a0ad08c8,0x00000000a6d00000)
 Metaspace       used 33603K, capacity 34254K, committed 34560K, reserved 1079296K
  class space    used 4639K, capacity 4852K, committed 4864K, reserved 1048576K
Event: 16.771 GC heap after
Heap after GC invocations=6 (full 1):
 PSYoungGen      total 138752K, used 10731K [0x00000000e0000000, 0x00000000ea180000, 0x0000000100000000)
  eden space 128000K, 0% used [0x00000000e0000000,0x00000000e0000000,0x00000000e7d00000)
  from space 10752K, 99% used [0x00000000e7d00000,0x00000000e877af88,0x00000000e8780000)
  to   space 14336K, 0% used [0x00000000e9380000,0x00000000e9380000,0x00000000ea180000)
 ParOldGen       total 111616K, used 12087K [0x00000000a0000000, 0x00000000a6d00000, 0x00000000e0000000)
  object space 111616K, 10% used [0x00000000a0000000,0x00000000a0bcdff0,0x00000000a6d00000)
 Metaspace       used 33603K, capacity 34254K, committed 34560K, reserved 1079296K
  class space    used 4639K, capacity 4852K, committed 4864K, reserved 1048576K
}
Event: 17.649 GC heap before
{Heap before GC invocations=7 (full 1):
 PSYoungGen      total 138752K, used 32588K [0x00000000e0000000, 0x00000000ea180000, 0x0000000100000000)
  eden space 128000K, 17% used [0x00000000e0000000,0x00000000e15580e0,0x00000000e7d00000)
  from space 10752K, 99% used [0x00000000e7d00000,0x00000000e877af88,0x00000000e8780000)
  to   space 14336K, 0% used [0x00000000e9380000,0x00000000e9380000,0x00000000ea180000)
 ParOldGen       total 111616K, used 12087K [0x00000000a0000000, 0x00000000a6d00000, 0x00000000e0000000)
  object space 111616K, 10% used [0x00000000a0000000,0x00000000a0bcdff0,0x00000000a6d00000)
 Metaspace       used 34733K, capacity 35424K, committed 35496K, reserved 1079296K
  class space    used 4795K, capacity 5004K, committed 5032K, reserved 1048576K
Event: 17.675 GC heap after
Heap after GC invocations=7 (full 1):
 PSYoungGen      total 151552K, used 9329K [0x00000000e0000000, 0x00000000ed900000, 0x0000000100000000)
  eden space 137216K, 0% used [0x00000000e0000000,0x00000000e0000000,0x00000000e8600000)
  from space 14336K, 65% used [0x00000000e9380000,0x00000000e9c9c728,0x00000000ea180000)
  to   space 13824K, 0% used [0x00000000e8600000,0x00000000e8600000,0x00000000e9380000)
 ParOldGen       total 111616K, used 12095K [0x00000000a0000000, 0x00000000a6d00000, 0x00000000e0000000)
  object space 111616K, 10% used [0x00000000a0000000,0x00000000a0bcfff0,0x00000000a6d00000)
 Metaspace       used 34733K, capacity 35424K, committed 35496K, reserved 1079296K
  class space    used 4795K, capacity 5004K, committed 5032K, reserved 1048576K
}
Event: 17.675 GC heap before
{Heap before GC invocations=8 (full 2):
 PSYoungGen      total 151552K, used 9329K [0x00000000e0000000, 0x00000000ed900000, 0x0000000100000000)
  eden space 137216K, 0% used [0x00000000e0000000,0x00000000e0000000,0x00000000e8600000)
  from space 14336K, 65% used [0x00000000e9380000,0x00000000e9c9c728,0x00000000ea180000)
  to   space 13824K, 0% used [0x00000000e8600000,0x00000000e8600000,0x00000000e9380000)
 ParOldGen       total 111616K, used 12095K [0x00000000a0000000, 0x00000000a6d00000, 0x00000000e0000000)
  object space 111616K, 10% used [0x00000000a0000000,0x00000000a0bcfff0,0x00000000a6d00000)
 Metaspace       used 34733K, capacity 35424K, committed 35496K, reserved 1079296K
  class space    used 4795K, capacity 5004K, committed 5032K, reserved 1048576K
Event: 17.866 GC heap after
Heap after GC invocations=8 (full 2):
 PSYoungGen      total 151552K, used 0K [0x00000000e0000000, 0x00000000ed900000, 0x0000000100000000)
  eden space 137216K, 0% used [0x00000000e0000000,0x00000000e0000000,0x00000000e8600000)
  from space 14336K, 0% used [0x00000000e9380000,0x00000000e9380000,0x00000000ea180000)
  to   space 13824K, 0% used [0x00000000e8600000,0x00000000e8600000,0x00000000e9380000)
 ParOldGen       total 111616K, used 16993K [0x00000000a0000000, 0x00000000a6d00000, 0x00000000e0000000)
  object space 111616K, 15% used [0x00000000a0000000,0x00000000a1098468,0x00000000a6d00000)
 Metaspace       used 34728K, capacity 35406K, committed 35496K, reserved 1079296K
  class space    used 4794K, capacity 5001K, committed 5032K, reserved 1048576K
}

Deoptimization events (10 events):
Event: 16.897 Thread 0x000000001c666800 Uncommon trap: reason=class_check action=maybe_recompile pc=0x000000000398cf60 method=java.util.concurrent.ConcurrentHashMap.putVal(Ljava/lang/Object;Ljava/lang/Object;Z)Ljava/lang/Object; @ 192
Event: 17.182 Thread 0x0000000019d22800 Uncommon trap: reason=range_check action=make_not_entrant pc=0x0000000003d40d68 method=java.lang.String.charAt(I)C @ 27
Event: 18.054 Thread 0x0000000019d22800 Uncommon trap: reason=predicate action=maybe_recompile pc=0x0000000003ccfd28 method=java.util.Arrays.binarySearch0([Ljava/lang/Object;IILjava/lang/Object;Ljava/util/Comparator;)I @ 28
Event: 18.150 Thread 0x0000000019d22800 Uncommon trap: reason=unstable_if action=reinterpret pc=0x0000000003a033d0 method=sun.misc.MetaIndex.mayContain(Ljava/lang/String;)Z @ 38
Event: 18.153 Thread 0x0000000019d22800 Uncommon trap: reason=unstable_if action=reinterpret pc=0x0000000003967e04 method=java.security.CodeSource.hashCode()I @ 4
Event: 18.153 Thread 0x0000000019d22800 Uncommon trap: reason=unstable_if action=reinterpret pc=0x0000000003d0600c method=java.security.CodeSource.hashCode()I @ 4
Event: 19.470 Thread 0x0000000019d22800 Uncommon trap: reason=unstable_if action=reinterpret pc=0x0000000003f24420 method=sun.security.util.ManifestDigester.findSection(ILsun/security/util/ManifestDigester$Position;)Z @ 134
Event: 19.470 Thread 0x0000000019d22800 Uncommon trap: reason=unstable_if action=reinterpret pc=0x0000000003e50d80 method=java.lang.ThreadLocal.get()Ljava/lang/Object; @ 11
Event: 19.507 Thread 0x0000000019d22800 Uncommon trap: reason=unstable_if action=reinterpret pc=0x0000000003da0a1c method=java.util.HashMap.putVal(ILjava/lang/Object;Ljava/lang/Object;ZZ)Ljava/lang/Object; @ 236
Event: 19.542 Thread 0x0000000019d22800 Uncommon trap: reason=unstable_if action=reinterpret pc=0x0000000003915f3c method=java.lang.CharacterDataLatin1.isWhitespace(I)Z @ 14

Classes redefined (0 events):
No events

Internal exceptions (10 events):
Event: 17.398 Thread 0x0000000019d22800 Exception <a 'java/lang/ClassNotFoundException': org/gradle/api/DefaultTaskCustomizer> (0x00000000e0eccea8) thrown at [D:\src\AOSP-openjdk-cygwin\jdk8u\hotspot\src\share\vm\classfile\systemDictionary.cpp, line 210]
Event: 17.401 Thread 0x0000000019d22800 Exception <a 'java/lang/ClassNotFoundException': org/gradle/api/internal/ConventionTaskCustomizer> (0x00000000e0f0c580) thrown at [D:\src\AOSP-openjdk-cygwin\jdk8u\hotspot\src\share\vm\classfile\systemDictionary.cpp, line 210]
Event: 17.405 Thread 0x0000000019d22800 Exception <a 'java/lang/ClassNotFoundException': org/gradle/api/tasks/DeleteCustomizer> (0x00000000e0f484d0) thrown at [D:\src\AOSP-openjdk-cygwin\jdk8u\hotspot\src\share\vm\classfile\systemDictionary.cpp, line 210]
Event: 17.409 Thread 0x0000000019d22800 Exception <a 'java/lang/ClassNotFoundException': org/gradle/api/tasks/Delete_DecoratedCustomizer> (0x00000000e0f915d0) thrown at [D:\src\AOSP-openjdk-cygwin\jdk8u\hotspot\src\share\vm\classfile\systemDictionary.cpp, line 210]
Event: 17.472 Thread 0x0000000019d22800 Exception <a 'java/lang/ClassNotFoundException': build_8lk7kvchevkl0a7kgvbausvisBeanInfo> (0x00000000e10892b8) thrown at [D:\src\AOSP-openjdk-cygwin\jdk8u\hotspot\src\share\vm\classfile\systemDictionary.cpp, line 210]
Event: 17.473 Thread 0x0000000019d22800 Exception <a 'java/lang/ClassNotFoundException': build_8lk7kvchevkl0a7kgvbausvisCustomizer> (0x00000000e1094510) thrown at [D:\src\AOSP-openjdk-cygwin\jdk8u\hotspot\src\share\vm\classfile\systemDictionary.cpp, line 210]
Event: 18.152 Thread 0x0000000019d22800 Implicit null exception at 0x0000000003965f09 to 0x0000000003967dad
Event: 18.153 Thread 0x0000000019d22800 Implicit null exception at 0x0000000003d05d15 to 0x0000000003d05ffd
Event: 18.881 Thread 0x0000000019d22800 Exception <a 'sun/nio/fs/WindowsException'> (0x00000000e18f5bd0) thrown at [D:\src\AOSP-openjdk-cygwin\jdk8u\hotspot\src\share\vm\prims\jni.cpp, line 709]
Event: 19.470 Thread 0x0000000019d22800 Implicit null exception at 0x0000000003e50828 to 0x0000000003e50d69

Events (10 events):
Event: 19.642 loading class sun/security/rsa/RSAPrivateCrtKeyImpl
Event: 19.643 loading class java/security/interfaces/RSAPrivateCrtKey
Event: 19.643 loading class java/security/interfaces/RSAPrivateCrtKey done
Event: 19.643 loading class sun/security/rsa/RSAPrivateCrtKeyImpl done
Event: 19.643 loading class sun/security/rsa/RSACore
Event: 19.643 loading class sun/security/rsa/RSACore done
Event: 19.643 loading class sun/security/rsa/RSAPadding
Event: 19.643 loading class sun/security/rsa/RSAPadding done
Event: 19.646 loading class javax/crypto/BadPaddingException
Event: 19.646 loading class javax/crypto/BadPaddingException done


Dynamic libraries:
0x00007ff6c8a00000 - 0x00007ff6c8a31000 	C:\Program Files\Android\Android Studio\jre\bin\java.exe
0x00007ffe26020000 - 0x00007ffe26210000 	C:\WINDOWS\SYSTEM32\ntdll.dll
0x00007ffe255e0000 - 0x00007ffe25692000 	C:\WINDOWS\System32\KERNEL32.DLL
0x00007ffe23e20000 - 0x00007ffe240c3000 	C:\WINDOWS\System32\KERNELBASE.dll
0x00007ffe25f30000 - 0x00007ffe25fd3000 	C:\WINDOWS\System32\ADVAPI32.dll
0x00007ffe24770000 - 0x00007ffe2480e000 	C:\WINDOWS\System32\msvcrt.dll
0x00007ffe25720000 - 0x00007ffe257b7000 	C:\WINDOWS\System32\sechost.dll
0x00007ffe25030000 - 0x00007ffe25150000 	C:\WINDOWS\System32\RPCRT4.dll
0x00007ffe25250000 - 0x00007ffe253e4000 	C:\WINDOWS\System32\USER32.dll
0x00007ffe22fb0000 - 0x00007ffe22fd1000 	C:\WINDOWS\System32\win32u.dll
0x00007ffe25150000 - 0x00007ffe25176000 	C:\WINDOWS\System32\GDI32.dll
0x00007ffe23990000 - 0x00007ffe23b24000 	C:\WINDOWS\System32\gdi32full.dll
0x00007ffe23b60000 - 0x00007ffe23bfe000 	C:\WINDOWS\System32\msvcp_win.dll
0x00007ffe23760000 - 0x00007ffe2385a000 	C:\WINDOWS\System32\ucrtbase.dll
0x00007ffe0d270000 - 0x00007ffe0d4f5000 	C:\WINDOWS\WinSxS\amd64_microsoft.windows.common-controls_6595b64144ccf1df_6.0.18362.476_none_e6c4b11b130f2595\COMCTL32.dll
0x00007ffe25bc0000 - 0x00007ffe25ef6000 	C:\WINDOWS\System32\combase.dll
0x00007ffe23860000 - 0x00007ffe238e0000 	C:\WINDOWS\System32\bcryptPrimitives.dll
0x00007ffe25f00000 - 0x00007ffe25f2e000 	C:\WINDOWS\System32\IMM32.DLL
0x000000005cb80000 - 0x000000005cc52000 	C:\Program Files\Android\Android Studio\jre\jre\bin\msvcr100.dll
0x000000005cc60000 - 0x000000005d4a1000 	C:\Program Files\Android\Android Studio\jre\jre\bin\server\jvm.dll
0x00007ffe24680000 - 0x00007ffe24688000 	C:\WINDOWS\System32\PSAPI.DLL
0x00007ffe0da60000 - 0x00007ffe0da69000 	C:\WINDOWS\SYSTEM32\WSOCK32.dll
0x00007ffe254a0000 - 0x00007ffe2550f000 	C:\WINDOWS\System32\WS2_32.dll
0x00007ffe1c5a0000 - 0x00007ffe1c5c4000 	C:\WINDOWS\SYSTEM32\WINMM.dll
0x00007ffe1be80000 - 0x00007ffe1be8a000 	C:\WINDOWS\SYSTEM32\VERSION.dll
0x00007ffe1c550000 - 0x00007ffe1c57d000 	C:\WINDOWS\SYSTEM32\WINMMBASE.dll
0x00007ffe23d50000 - 0x00007ffe23d9a000 	C:\WINDOWS\System32\cfgmgr32.dll
0x00007ffe1dff0000 - 0x00007ffe1dfff000 	C:\Program Files\Android\Android Studio\jre\jre\bin\verify.dll
0x00007ffe19120000 - 0x00007ffe19149000 	C:\Program Files\Android\Android Studio\jre\jre\bin\java.dll
0x00007ffe19100000 - 0x00007ffe19116000 	C:\Program Files\Android\Android Studio\jre\jre\bin\zip.dll
0x00007ffe24810000 - 0x00007ffe24ef5000 	C:\WINDOWS\System32\SHELL32.dll
0x00007ffe24f00000 - 0x00007ffe24fa9000 	C:\WINDOWS\System32\shcore.dll
0x00007ffe22fe0000 - 0x00007ffe2375e000 	C:\WINDOWS\System32\windows.storage.dll
0x00007ffe22f50000 - 0x00007ffe22f6f000 	C:\WINDOWS\System32\profapi.dll
0x00007ffe22f00000 - 0x00007ffe22f4a000 	C:\WINDOWS\System32\powrprof.dll
0x00007ffe22ef0000 - 0x00007ffe22f00000 	C:\WINDOWS\System32\UMPDC.dll
0x00007ffe259e0000 - 0x00007ffe25a32000 	C:\WINDOWS\System32\shlwapi.dll
0x00007ffe22f70000 - 0x00007ffe22f81000 	C:\WINDOWS\System32\kernel.appcore.dll
0x00007ffe23e00000 - 0x00007ffe23e17000 	C:\WINDOWS\System32\cryptsp.dll
0x00007ffe19070000 - 0x00007ffe1908a000 	C:\Program Files\Android\Android Studio\jre\jre\bin\net.dll
0x00007ffe22760000 - 0x00007ffe227c7000 	C:\WINDOWS\system32\mswsock.dll
0x00007ffe18b90000 - 0x00007ffe18ba1000 	C:\Program Files\Android\Android Studio\jre\jre\bin\nio.dll
0x00007ffe19220000 - 0x00007ffe1923e000 	C:\Users\l2040\.gradle\native\25\windows-amd64\native-platform.dll
0x00007ffe1c7b0000 - 0x00007ffe1c7bd000 	C:\Program Files\Android\Android Studio\jre\jre\bin\management.dll
0x00007ffe222d0000 - 0x00007ffe22303000 	C:\WINDOWS\system32\rsaenh.dll
0x00007ffe23b30000 - 0x00007ffe23b56000 	C:\WINDOWS\System32\bcrypt.dll
0x00007ffe22e10000 - 0x00007ffe22e35000 	C:\WINDOWS\SYSTEM32\USERENV.dll
0x00007ffe22930000 - 0x00007ffe2293c000 	C:\WINDOWS\SYSTEM32\CRYPTBASE.dll
0x00007ffe22470000 - 0x00007ffe224aa000 	C:\WINDOWS\SYSTEM32\IPHLPAPI.DLL
0x00007ffe24760000 - 0x00007ffe24768000 	C:\WINDOWS\System32\NSI.dll
0x00007ffe1bb90000 - 0x00007ffe1bba6000 	C:\WINDOWS\SYSTEM32\dhcpcsvc6.DLL
0x00007ffe1bd20000 - 0x00007ffe1bd3c000 	C:\WINDOWS\SYSTEM32\dhcpcsvc.DLL
0x00007ffe224c0000 - 0x00007ffe2258a000 	C:\WINDOWS\SYSTEM32\DNSAPI.dll

VM Arguments:
jvm_args: -Xmx1536m -Dfile.encoding=windows-1252 -Duser.country=US -Duser.language=en -Duser.variant 
java_command: org.gradle.launcher.daemon.bootstrap.GradleDaemon 5.1.1
java_class_path (initial): C:\Users\l2040\.gradle\wrapper\dists\gradle-5.1.1-all\97z1ksx6lirer3kbvdnh7jtjg\gradle-5.1.1\lib\gradle-launcher-5.1.1.jar
Launcher Type: SUN_STANDARD

Environment Variables:
PATH=C:\Program Files (x86)\Common Files\Oracle\Java\javapath;C:\Program Files (x86)\Intel\iCLS Client\;C:\ProgramData\Oracle\Java\javapath;C:\Program Files\Intel\iCLS Client\;C:\windows\system32;C:\windows;C:\windows\System32\Wbem;C:\windows\System32\WindowsPowerShell\v1.0\;C:\Program Files (x86)\NVIDIA Corporation\PhysX\Common;C:\Program Files\PuTTY\;C:\WINDOWS\system32;C:\WINDOWS;C:\WINDOWS\System32\Wbem;C:\WINDOWS\System32\WindowsPowerShell\v1.0\;C:\Program Files (x86)\Intel\Intel(R) Management Engine Components\DAL;C:\Program Files\Intel\Intel(R) Management Engine Components\DAL;C:\Program Files (x86)\Intel\Intel(R) Management Engine Components\IPT;C:\Program Files\Intel\Intel(R) Management Engine Components\IPT;C:\Program Files\SourceGear\Common\DiffMerge\;C:\WINDOWS\System32\OpenSSH\;C:\Program Files\Git\cmd;C:\Program Files\Intel\WiFi\bin\;C:\Program Files\Common Files\Intel\WirelessCommon\;C:\Program Files\NVIDIA Corporation\NVIDIA NvDLISR;%SystemRoot%\system32;%SystemRoot%;%SystemRoot%\System32\Wbem;%SYSTEMROOT%\System32\WindowsPowerShell\v1.0\;%SYSTEMROOT%\System32\OpenSSH\;C:\Users\l2040\AppData\Local\Microsoft\WindowsApps;
USERNAME=l2040
OS=Windows_NT
PROCESSOR_IDENTIFIER=Intel64 Family 6 Model 142 Stepping 9, GenuineIntel



---------------  S Y S T E M  ---------------

OS: Windows 10.0 , 64 bit Build 18362 (10.0.18362.329)

CPU:total 4 (initial active 4) (2 cores per cpu, 2 threads per core) family 6 model 142 stepping 9, cmov, cx8, fxsr, mmx, sse, sse2, sse3, ssse3, sse4.1, sse4.2, popcnt, avx, avx2, aes, clmul, erms, 3dnowpref, lzcnt, ht, tsc, tscinvbit, bmi1, bmi2, adx

Memory: 4k page, physical 16653052k(10440904k free), swap 66984700k(5124k free)

vm_info: OpenJDK 64-Bit Server VM (25.152-b01) for windows-amd64 JRE (1.8.0_152-release-1343-b01), built by "builder" with MS VC++ 10.0 (VS2010)

time: Mon Nov 18 20:05:32 2019
elapsed time: 19 seconds (0d 0h 0m 19s)

